<?xml version="1.0" encoding="UTF-8"?>
<testng-results skipped="0" failed="0" total="10" passed="10">
  <reporter-output>
  </reporter-output>
  <suite name="Suite" duration-ms="1605" started-at="2019-06-28T08:52:11Z" finished-at="2019-06-28T08:52:13Z">
    <groups>
    </groups>
    <test name="DemoTests" duration-ms="28" started-at="2019-06-28T08:52:11Z" finished-at="2019-06-28T08:52:11Z">
      <class name="TestNGPractice.Demo4">
        <test-method status="PASS" signature="apiHLogin()[pri:0, instance:TestNGPractice.Demo4@215be6bb]" name="apiHLogin" duration-ms="2" started-at="2019-06-28T14:22:11Z" finished-at="2019-06-28T14:22:11Z">
          <reporter-output>
          </reporter-output>
        </test-method> <!-- apiHLogin -->
        <test-method status="PASS" signature="mobileHLogin()[pri:0, instance:TestNGPractice.Demo4@215be6bb]" name="mobileHLogin" duration-ms="1" started-at="2019-06-28T14:22:11Z" finished-at="2019-06-28T14:22:11Z">
          <reporter-output>
          </reporter-output>
        </test-method> <!-- mobileHLogin -->
        <test-method status="PASS" signature="webHLogin()[pri:0, instance:TestNGPractice.Demo4@215be6bb]" name="webHLogin" duration-ms="2" started-at="2019-06-28T14:22:11Z" finished-at="2019-06-28T14:22:11Z">
          <reporter-output>
          </reporter-output>
        </test-method> <!-- webHLogin -->
      </class> <!-- TestNGPractice.Demo4 -->
      <class name="TestNGPractice.Demo">
        <test-method status="PASS" signature="skr()[pri:0, instance:TestNGPractice.Demo@7921b0a2]" name="skr" duration-ms="8" started-at="2019-06-28T14:22:11Z" finished-at="2019-06-28T14:22:11Z">
          <reporter-output>
          </reporter-output>
        </test-method> <!-- skr -->
      </class> <!-- TestNGPractice.Demo -->
      <class name="TestNGPractice.Demo2">
        <test-method status="PASS" signature="qa()[pri:0, instance:TestNGPractice.Demo2@32d992b2]" name="qa" duration-ms="2" started-at="2019-06-28T14:22:11Z" finished-at="2019-06-28T14:22:11Z">
          <reporter-output>
          </reporter-output>
        </test-method> <!-- qa -->
      </class> <!-- TestNGPractice.Demo2 -->
    </test> <!-- DemoTests -->
    <test name="LoansTest" duration-ms="13" started-at="2019-06-28T08:52:13Z" finished-at="2019-06-28T08:52:13Z">
      <class name="TestNGPractice.Demo3">
        <test-method status="PASS" signature="apiPLogin()[pri:0, instance:TestNGPractice.Demo3@51565ec2]" name="apiPLogin" duration-ms="2" started-at="2019-06-28T14:22:13Z" finished-at="2019-06-28T14:22:13Z">
          <reporter-output>
          </reporter-output>
        </test-method> <!-- apiPLogin -->
        <test-method status="PASS" signature="webPLogin()[pri:0, instance:TestNGPractice.Demo3@51565ec2]" name="webPLogin" duration-ms="1" started-at="2019-06-28T14:22:13Z" finished-at="2019-06-28T14:22:13Z">
          <reporter-output>
          </reporter-output>
        </test-method> <!-- webPLogin -->
      </class> <!-- TestNGPractice.Demo3 -->
      <class name="TestNGPractice.Demo4">
        <test-method status="PASS" signature="apiHLogin()[pri:0, instance:TestNGPractice.Demo4@675d3402]" name="apiHLogin" duration-ms="2" started-at="2019-06-28T14:22:13Z" finished-at="2019-06-28T14:22:13Z">
          <reporter-output>
          </reporter-output>
        </test-method> <!-- apiHLogin -->
        <test-method status="PASS" signature="mobileHLogin()[pri:0, instance:TestNGPractice.Demo4@675d3402]" name="mobileHLogin" duration-ms="1" started-at="2019-06-28T14:22:13Z" finished-at="2019-06-28T14:22:13Z">
          <reporter-output>
          </reporter-output>
        </test-method> <!-- mobileHLogin -->
        <test-method status="PASS" signature="webHLogin()[pri:0, instance:TestNGPractice.Demo4@675d3402]" name="webHLogin" duration-ms="1" started-at="2019-06-28T14:22:13Z" finished-at="2019-06-28T14:22:13Z">
          <reporter-output>
          </reporter-output>
        </test-method> <!-- webHLogin -->
      </class> <!-- TestNGPractice.Demo4 -->
    </test> <!-- LoansTest -->
  </suite> <!-- Suite -->
</testng-results>
