<?xml version="1.0" encoding="UTF-8"?>
<!-- Generated by org.testng.reporters.JUnitXMLReporter -->
<testsuite hostname="ETVD120322" name="DemoTests" tests="5" failures="0" timestamp="28 Jun 2019 08:52:13 GMT" time="0.028" errors="0">
  <testcase name="skr" time="0.008" classname="TestNGPractice.Demo"/>
  <testcase name="qa" time="0.002" classname="TestNGPractice.Demo2"/>
  <testcase name="apiHLogin" time="0.002" classname="TestNGPractice.Demo4"/>
  <testcase name="mobileHLogin" time="0.001" classname="TestNGPractice.Demo4"/>
  <testcase name="webHLogin" time="0.002" classname="TestNGPractice.Demo4"/>
</testsuite> <!-- DemoTests -->
