<?xml version="1.0" encoding="UTF-8"?>
<!-- Generated by org.testng.reporters.JUnitXMLReporter -->
<testsuite hostname="ETVD120322" name="LoansTest" tests="5" failures="0" timestamp="28 Jun 2019 08:52:13 GMT" time="0.013" errors="0">
  <testcase name="apiPLogin" time="0.002" classname="TestNGPractice.Demo3"/>
  <testcase name="webPLogin" time="0.001" classname="TestNGPractice.Demo3"/>
  <testcase name="apiHLogin" time="0.002" classname="TestNGPractice.Demo4"/>
  <testcase name="mobileHLogin" time="0.001" classname="TestNGPractice.Demo4"/>
  <testcase name="webHLogin" time="0.001" classname="TestNGPractice.Demo4"/>
</testsuite> <!-- LoansTest -->
